<?xml version="1.0" encoding="UTF-8"?>
<testsuite xmlns:xsi="http://www.w3.org/2001/XMLSchema-instance" xsi:noNamespaceSchemaLocation="https://maven.apache.org/surefire/maven-surefire-plugin/xsd/surefire-test-report.xsd" name="TestSuite" time="33.775" tests="3" errors="0" skipped="2" failures="1">
  <properties>
[...]
</properties>
  <testcase name="init" classname="cn.AnndyTsal.PO.PO_simplify.Case.HomeTestCase1" time="33.566">
    <failure message="Could not start a new session. Possible causes are invalid address of the remote server or browser start-up failure.&#10;Build info: version: &apos;2.53.1&apos;, revision: &apos;a36b8b1cd5757287168e54b817830adce9b0158d&apos;, time: &apos;2016-06-30 19:26:09&apos;&#10;System info: host: &apos;Anndy-PC&apos;, ip: &apos;192.168.1.4&apos;, os.name: &apos;Windows 7&apos;, os.arch: &apos;amd64&apos;, os.version: &apos;6.1&apos;, java.version: &apos;1.8.0_191&apos;&#10;Driver info: driver.version: initDriver" type="org.openqa.selenium.remote.UnreachableBrowserException">org.openqa.selenium.remote.UnreachableBrowserException: 
Could not start a new session. Possible causes are invalid address of the remote server or browser start-up failure.
Build info: version: '2.53.1', revision: 'a36b8b1cd5757287168e54b817830adce9b0158d', time: '2016-06-30 19:26:09'
System info: host: 'Anndy-PC', ip: '192.168.1.4', os.name: 'Windows 7', os.arch: 'amd64', os.version: '6.1', java.version: '1.8.0_191'
Driver info: driver.version: initDriver
	at cn.AnndyTsal.PO.PO_simplify.Case.HomeTestCase1.init(HomeTestCase1.java:26)
Caused by: org.openqa.selenium.WebDriverException: 
java.net.SocketException: Connection reset
Build info: version: '2.53.1', revision: 'a36b8b1cd5757287168e54b817830adce9b0158d', time: '2016-06-30 19:26:09'
System info: host: 'Anndy-PC', ip: '192.168.1.4', os.name: 'Windows 7', os.arch: 'amd64', os.version: '6.1', java.version: '1.8.0_191'
Driver info: driver.version: initDriver
	at cn.AnndyTsal.PO.PO_simplify.Case.HomeTestCase1.init(HomeTestCase1.java:26)
Caused by: java.net.SocketException: Connection reset
	at cn.AnndyTsal.PO.PO_simplify.Case.HomeTestCase1.init(HomeTestCase1.java:26)
</failure>
    <system-out><![CDATA[[ INFO ] [2019-08-06-21:43:40] [Class-executeCommand][Method-executed] 当前脚本执行在Windows系统上
[ INFO ] [2019-08-06-21:43:40] [Class-executeCommand][Method-executed] 当前Appium-Server开始延时启动中....
[ INFO ] [2019-08-06-21:43:40] [Class-executeCommand][Method-executed] 当前Appium-Server启动延时已经结束
[ INFO ] [2019-08-06-21:43:40] [Class-executeCommand][Method-executed] 返回执行后的日志集合
[ INFO ] [2019-08-06-21:43:40] [Class-startAppiumServer][Method-Map] 清除node进程成功
[ INFO ] [2019-08-06-21:43:40] [Class-executeCommand][Method-executed] 当前脚本执行在Windows系统上
[ INFO ] [2019-08-06-21:43:40] [Class-executeCommand][Method-executed] 当前Appium-Server开始延时启动中....
[ INFO ] [2019-08-06-21:43:40] [Class-executeCommand][Method-executed] 当前Appium-Server启动延时已经结束
[ INFO ] [2019-08-06-21:43:40] [Class-executeCommand][Method-executed] 返回执行后的日志集合
[ INFO ] [2019-08-06-21:43:40] [Class-executeCommand][Method-executed] 当前脚本执行在Windows系统上
[ INFO ] [2019-08-06-21:43:41] [Class-executeCommand][Method-executed] 当前Appium-Server开始延时启动中....
[ INFO ] [2019-08-06-21:43:41] [Class-executeCommand][Method-executed] 当前Appium-Server启动延时已经结束
[ INFO ] [2019-08-06-21:43:41] [Class-executeCommand][Method-executed] 返回执行后的日志集合
[ INFO ] [2019-08-06-21:43:41] [Class-executeCommand][Method-executed] 当前脚本执行在Windows系统上
[ INFO ] [2019-08-06-21:43:41] [Class-executeCommand][Method-executed] 当前Appium-Server开始延时启动中....
[ INFO ] [2019-08-06-21:43:41] [Class-executeCommand][Method-executed] 当前Appium-Server启动延时已经结束
[ INFO ] [2019-08-06-21:43:41] [Class-executeCommand][Method-executed] 返回执行后的日志集合
[ INFO ] [2019-08-06-21:43:41] [Class-executeCommand][Method-executed] 当前脚本执行在Windows系统上
[ INFO ] [2019-08-06-21:43:41] [Class-executeCommand][Method-executed] 当前Appium-Server开始延时启动中....
[ INFO ] [2019-08-06-21:43:41] [Class-executeCommand][Method-executed] 当前Appium-Server启动延时已经结束
[ INFO ] [2019-08-06-21:43:41] [Class-executeCommand][Method-executed] 返回执行后的日志集合
[ INFO ] [2019-08-06-21:43:41] [Class-startAppiumServer][Method-Map] 开始启动Appium-Server
[ INFO ] [2019-08-06-21:43:41] [Class-executeCommand][Method-executed] 当前脚本执行在Windows系统上
[ INFO ] [2019-08-06-21:43:41] [Class-executeCommand][Method-executed] 当前Appium-Server开始延时启动中....
[ INFO ] [2019-08-06-21:43:51] [Class-executeCommand][Method-executed] 当前Appium-Server启动延时已经结束
[ INFO ] [2019-08-06-21:43:51] [Class-executeCommand][Method-executed] 返回执行后的日志集合
[ INFO ] [2019-08-06-21:43:51] [Class-startAppiumServer][Method-Map] Appium-Server启动完成
[ INFO ] [2019-08-06-21:43:51] [Class-executeCommand][Method-executed] 当前脚本执行在Windows系统上
[ INFO ] [2019-08-06-21:43:51] [Class-executeCommand][Method-executed] 当前Appium-Server开始延时启动中....
[ INFO ] [2019-08-06-21:43:51] [Class-executeCommand][Method-executed] 当前Appium-Server启动延时已经结束
[ INFO ] [2019-08-06-21:43:51] [Class-executeCommand][Method-executed] 返回执行后的日志集合
[ INFO ] [2019-08-06-21:43:51] [Class-DriverBase] 当前连接上Appium-server的设备UUID是：[88MFBML3H4MH]
[ INFO ] [2019-08-06-21:43:51] [Class-DriverBase] 启动的UUID是:[88MFBML3H4MH],启动的Appium端口是：[7682]
[ INFO ] [2019-08-06-21:43:51] [Class-initDriver][Method-getDriver] 当前APP已安装
[ INFO ] [2019-08-06-21:43:51] [Class-initDriver][Method-getDriver] 调用‘initDriver’方法
[ INFO ] [2019-08-06-21:43:51] [Class-initDriver][Method-getDriver] 创建DesiredCapabilities对象
[ INFO ] [2019-08-06-21:43:51] [Class-initDriver][Method-getDriver] 设置DesiredCapabilities参数-DeviceName：Android
[ INFO ] [2019-08-06-21:43:51] [Class-initDriver][Method-getDriver] 设置DesiredCapabilities参数-appPackagecom.zhihu.android
[ INFO ] [2019-08-06-21:43:51] [Class-initDriver][Method-getDriver] 设置DesiredCapabilities参数-appActivitycom.zhihu.android.app.ui.activity.LauncherActivity
[ INFO ] [2019-08-06-21:43:51] [Class-initDriver][Method-getDriver] 设置DesiredCapabilities参数-session超时时间600S
[ INFO ] [2019-08-06-21:43:51] [Class-initDriver][Method-getDriver] 设置DesiredCapabilities参数-udid超时时间-->88MFBML3H4MH
[ INFO ] [2019-08-06-21:43:51] [Class-initDriver][Method-getDriver] 启动Andriod Driver,启动在【7682】端口,UUID是：【88MFBML3H4MH】...
]]></system-out>
  </testcase>
  <testcase name="loginCase" classname="cn.AnndyTsal.PO.PO_simplify.Case.HomeTestCase1" time="0">
    <skipped message="Could not start a new session. Possible causes are invalid address of the remote server or browser start-up failure.&#10;Build info: version: &apos;2.53.1&apos;, revision: &apos;a36b8b1cd5757287168e54b817830adce9b0158d&apos;, time: &apos;2016-06-30 19:26:09&apos;&#10;System info: host: &apos;Anndy-PC&apos;, ip: &apos;192.168.1.4&apos;, os.name: &apos;Windows 7&apos;, os.arch: &apos;amd64&apos;, os.version: &apos;6.1&apos;, java.version: &apos;1.8.0_191&apos;&#10;Driver info: driver.version: initDriver"/>
  </testcase>
  <testcase name="closeAPP" classname="cn.AnndyTsal.PO.PO_simplify.Case.HomeTestCase1" time="0">
    <skipped/>
  </testcase>
</testsuite>