<?xml version="1.0" encoding="UTF-8"?>
<testng-results skipped="0" failed="0" ignored="0" total="1" passed="1">
  <reporter-output>
  </reporter-output>
  <suite name="Default suite" duration-ms="56285" started-at="2019-08-06T02:38:09Z" finished-at="2019-08-06T02:39:05Z">
    <groups>
    </groups>
    <test name="Default test" duration-ms="56285" started-at="2019-08-06T02:38:09Z" finished-at="2019-08-06T02:39:05Z">
      <class name="cn.AnndyTsal.PO.PO_simplify.Case.HomeTestCase1">
        <test-method status="PASS" signature="case1()[pri:0, instance:cn.AnndyTsal.PO.PO_simplify.Case.HomeTestCase1@53bd8fca]" name="case1" duration-ms="56211" started-at="2019-08-06T02:38:09Z" finished-at="2019-08-06T02:39:05Z">
          <reporter-output>
          </reporter-output>
        </test-method> <!-- case1 -->
      </class> <!-- cn.AnndyTsal.PO.PO_simplify.Case.HomeTestCase1 -->
    </test> <!-- Default test -->
  </suite> <!-- Default suite -->
</testng-results>
